<?xml version="1.0" encoding="UTF-8"?>
<robot generator="Robot 7.2.2 (Python 3.13.3 on win32)" generated="2025-05-22T00:48:53.949266" rpa="false" schemaversion="5">
<suite id="s1" name="Test Sort" source="D:\CV\robot_test\saucedemo\test_sort.robot">
<test id="s1-t1" name="Sort Z-A" line="11">
<kw name="Get Chrome Options" owner="custom_browser">
<msg time="2025-05-22T00:48:54.281141" level="INFO">${options} = &lt;selenium.webdriver.chrome.options.Options object at 0x000001E3599EDE80&gt;</msg>
<var>${options}</var>
<status status="PASS" start="2025-05-22T00:48:54.280945" elapsed="0.000234"/>
</kw>
<kw name="Create Webdriver" owner="SeleniumLibrary">
<msg time="2025-05-22T00:48:54.282009" level="INFO">Creating an instance of the Chrome WebDriver.</msg>
<arg>Chrome</arg>
<arg>options=${options}</arg>
<doc>Creates an instance of Selenium WebDriver.</doc>
<status status="PASS" start="2025-05-22T00:48:54.281806" elapsed="1.316286"/>
</kw>
<kw name="Go To" owner="SeleniumLibrary">
<msg time="2025-05-22T00:48:55.598780" level="INFO">Opening url 'https://saucedemo.com'</msg>
<arg>https://saucedemo.com</arg>
<doc>Navigates the current browser window to the provided ``url``.</doc>
<status status="PASS" start="2025-05-22T00:48:55.598565" elapsed="1.364484"/>
</kw>
<kw name="Input Text" owner="SeleniumLibrary">
<msg time="2025-05-22T00:48:56.964941" level="INFO">Typing text 'standard_user' into text field 'id=user-name'.</msg>
<arg>id=user-name</arg>
<arg>standard_user</arg>
<doc>Types the given ``text`` into the text field identified by ``locator``.</doc>
<status status="PASS" start="2025-05-22T00:48:56.963859" elapsed="0.142295"/>
</kw>
<kw name="Input Password" owner="SeleniumLibrary">
<msg time="2025-05-22T00:48:57.106723" level="INFO">Typing password into text field 'id=password'.</msg>
<msg time="2025-05-22T00:48:57.145581" level="INFO">Temporally setting log level to: NONE</msg>
<arg>id=password</arg>
<arg>secret_sauce</arg>
<doc>Types the given password into the text field identified by ``locator``.</doc>
<status status="PASS" start="2025-05-22T00:48:57.106440" elapsed="0.085043"/>
</kw>
<kw name="Click Button" owner="SeleniumLibrary">
<msg time="2025-05-22T00:48:57.191983" level="INFO">Clicking button 'id=login-button'.</msg>
<arg>id=login-button</arg>
<doc>Clicks the button identified by ``locator``.</doc>
<status status="PASS" start="2025-05-22T00:48:57.191810" elapsed="0.106498"/>
</kw>
<kw name="Click Element" owner="SeleniumLibrary">
<msg time="2025-05-22T00:48:57.298936" level="INFO">Clicking element 'xpath=//*[@id="header_container"]/div[2]/div/span/select'.</msg>
<arg>xpath=//*[@id="header_container"]/div[2]/div/span/select</arg>
<doc>Click the element identified by ``locator``.</doc>
<status status="PASS" start="2025-05-22T00:48:57.298671" elapsed="0.087008"/>
</kw>
<kw name="Wait Until Element Is Visible" owner="SeleniumLibrary">
<arg>xpath=//*[@id="header_container"]/div[2]/div/span/span</arg>
<arg>timeout=5s</arg>
<doc>Waits until the element ``locator`` is visible.</doc>
<status status="PASS" start="2025-05-22T00:48:57.386067" elapsed="0.026806"/>
</kw>
<kw name="Click Element" owner="SeleniumLibrary">
<msg time="2025-05-22T00:48:57.413407" level="INFO">Clicking element 'xpath=//*[@id="header_container"]/div[2]/div/span/select/option[2]'.</msg>
<arg>xpath=//*[@id="header_container"]/div[2]/div/span/select/option[2]</arg>
<doc>Click the element identified by ``locator``.</doc>
<status status="PASS" start="2025-05-22T00:48:57.413224" elapsed="0.041154"/>
</kw>
<kw name="Sleep" owner="BuiltIn">
<msg time="2025-05-22T00:49:00.456278" level="INFO">Slept 3 seconds.</msg>
<arg>3</arg>
<doc>Pauses the test executed for the given time.</doc>
<status status="PASS" start="2025-05-22T00:48:57.455178" elapsed="3.001498"/>
</kw>
<kw name="Close Browser" owner="SeleniumLibrary">
<doc>Closes the current browser.</doc>
<status status="PASS" start="2025-05-22T00:49:00.457901" elapsed="2.294921"/>
</kw>
<status status="PASS" start="2025-05-22T00:48:54.280431" elapsed="8.473542"/>
</test>
<test id="s1-t2" name="Sort Price L-H" line="29">
<kw name="Get Chrome Options" owner="custom_browser">
<msg time="2025-05-22T00:49:02.758537" level="INFO">${options} = &lt;selenium.webdriver.chrome.options.Options object at 0x000001E35996B750&gt;</msg>
<var>${options}</var>
<status status="PASS" start="2025-05-22T00:49:02.757769" elapsed="0.000901"/>
</kw>
<kw name="Create Webdriver" owner="SeleniumLibrary">
<msg time="2025-05-22T00:49:02.760147" level="INFO">Creating an instance of the Chrome WebDriver.</msg>
<arg>Chrome</arg>
<arg>options=${options}</arg>
<doc>Creates an instance of Selenium WebDriver.</doc>
<status status="PASS" start="2025-05-22T00:49:02.759454" elapsed="1.356516"/>
</kw>
<kw name="Go To" owner="SeleniumLibrary">
<msg time="2025-05-22T00:49:04.116622" level="INFO">Opening url 'https://saucedemo.com'</msg>
<arg>https://saucedemo.com</arg>
<doc>Navigates the current browser window to the provided ``url``.</doc>
<status status="PASS" start="2025-05-22T00:49:04.116403" elapsed="0.807205"/>
</kw>
<kw name="Input Text" owner="SeleniumLibrary">
<msg time="2025-05-22T00:49:04.924340" level="INFO">Typing text 'standard_user' into text field 'id=user-name'.</msg>
<arg>id=user-name</arg>
<arg>standard_user</arg>
<doc>Types the given ``text`` into the text field identified by ``locator``.</doc>
<status status="PASS" start="2025-05-22T00:49:04.924069" elapsed="0.137558"/>
</kw>
<kw name="Input Password" owner="SeleniumLibrary">
<msg time="2025-05-22T00:49:05.062331" level="INFO">Typing password into text field 'id=password'.</msg>
<msg time="2025-05-22T00:49:05.100420" level="INFO">Temporally setting log level to: NONE</msg>
<arg>id=password</arg>
<arg>secret_sauce</arg>
<doc>Types the given password into the text field identified by ``locator``.</doc>
<status status="PASS" start="2025-05-22T00:49:05.062016" elapsed="0.093784"/>
</kw>
<kw name="Click Button" owner="SeleniumLibrary">
<msg time="2025-05-22T00:49:05.156442" level="INFO">Clicking button 'id=login-button'.</msg>
<arg>id=login-button</arg>
<doc>Clicks the button identified by ``locator``.</doc>
<status status="PASS" start="2025-05-22T00:49:05.156216" elapsed="0.107336"/>
</kw>
<kw name="Click Element" owner="SeleniumLibrary">
<msg time="2025-05-22T00:49:05.264195" level="INFO">Clicking element 'xpath=//*[@id="header_container"]/div[2]/div/span/select'.</msg>
<arg>xpath=//*[@id="header_container"]/div[2]/div/span/select</arg>
<doc>Click the element identified by ``locator``.</doc>
<status status="PASS" start="2025-05-22T00:49:05.263921" elapsed="0.083598"/>
</kw>
<kw name="Wait Until Element Is Visible" owner="SeleniumLibrary">
<arg>xpath=//*[@id="header_container"]/div[2]/div/span/span</arg>
<arg>timeout=5s</arg>
<doc>Waits until the element ``locator`` is visible.</doc>
<status status="PASS" start="2025-05-22T00:49:05.347899" elapsed="0.024999"/>
</kw>
<kw name="Click Element" owner="SeleniumLibrary">
<msg time="2025-05-22T00:49:05.373773" level="INFO">Clicking element 'xpath=//*[@id="header_container"]/div[2]/div/span/select/option[3]'.</msg>
<arg>xpath=//*[@id="header_container"]/div[2]/div/span/select/option[3]</arg>
<doc>Click the element identified by ``locator``.</doc>
<status status="PASS" start="2025-05-22T00:49:05.373437" elapsed="0.041393"/>
</kw>
<kw name="Sleep" owner="BuiltIn">
<msg time="2025-05-22T00:49:08.416294" level="INFO">Slept 3 seconds.</msg>
<arg>3</arg>
<doc>Pauses the test executed for the given time.</doc>
<status status="PASS" start="2025-05-22T00:49:05.415484" elapsed="3.001124"/>
</kw>
<kw name="Close Browser" owner="SeleniumLibrary">
<doc>Closes the current browser.</doc>
<status status="PASS" start="2025-05-22T00:49:08.417915" elapsed="2.202622"/>
</kw>
<status status="PASS" start="2025-05-22T00:49:02.756449" elapsed="7.865406"/>
</test>
<test id="s1-t3" name="Sort Price H-L" line="47">
<kw name="Get Chrome Options" owner="custom_browser">
<msg time="2025-05-22T00:49:10.626368" level="INFO">${options} = &lt;selenium.webdriver.chrome.options.Options object at 0x000001E35996AD50&gt;</msg>
<var>${options}</var>
<status status="PASS" start="2025-05-22T00:49:10.625669" elapsed="0.001219"/>
</kw>
<kw name="Create Webdriver" owner="SeleniumLibrary">
<msg time="2025-05-22T00:49:10.628405" level="INFO">Creating an instance of the Chrome WebDriver.</msg>
<arg>Chrome</arg>
<arg>options=${options}</arg>
<doc>Creates an instance of Selenium WebDriver.</doc>
<status status="PASS" start="2025-05-22T00:49:10.627720" elapsed="1.385285"/>
</kw>
<kw name="Go To" owner="SeleniumLibrary">
<msg time="2025-05-22T00:49:12.013636" level="INFO">Opening url 'https://saucedemo.com'</msg>
<arg>https://saucedemo.com</arg>
<doc>Navigates the current browser window to the provided ``url``.</doc>
<status status="PASS" start="2025-05-22T00:49:12.013430" elapsed="0.849909"/>
</kw>
<kw name="Input Text" owner="SeleniumLibrary">
<msg time="2025-05-22T00:49:12.863991" level="INFO">Typing text 'standard_user' into text field 'id=user-name'.</msg>
<arg>id=user-name</arg>
<arg>standard_user</arg>
<doc>Types the given ``text`` into the text field identified by ``locator``.</doc>
<status status="PASS" start="2025-05-22T00:49:12.863727" elapsed="0.134861"/>
</kw>
<kw name="Input Password" owner="SeleniumLibrary">
<msg time="2025-05-22T00:49:12.999615" level="INFO">Typing password into text field 'id=password'.</msg>
<msg time="2025-05-22T00:49:13.046826" level="INFO">Temporally setting log level to: NONE</msg>
<arg>id=password</arg>
<arg>secret_sauce</arg>
<doc>Types the given password into the text field identified by ``locator``.</doc>
<status status="PASS" start="2025-05-22T00:49:12.999087" elapsed="0.093899"/>
</kw>
<kw name="Click Button" owner="SeleniumLibrary">
<msg time="2025-05-22T00:49:13.093523" level="INFO">Clicking button 'id=login-button'.</msg>
<arg>id=login-button</arg>
<doc>Clicks the button identified by ``locator``.</doc>
<status status="PASS" start="2025-05-22T00:49:13.093326" elapsed="0.114590"/>
</kw>
<kw name="Click Element" owner="SeleniumLibrary">
<msg time="2025-05-22T00:49:13.208593" level="INFO">Clicking element 'xpath=//*[@id="header_container"]/div[2]/div/span/select'.</msg>
<arg>xpath=//*[@id="header_container"]/div[2]/div/span/select</arg>
<doc>Click the element identified by ``locator``.</doc>
<status status="PASS" start="2025-05-22T00:49:13.208308" elapsed="0.088116"/>
</kw>
<kw name="Wait Until Element Is Visible" owner="SeleniumLibrary">
<arg>xpath=//*[@id="header_container"]/div[2]/div/span/span</arg>
<arg>timeout=5s</arg>
<doc>Waits until the element ``locator`` is visible.</doc>
<status status="PASS" start="2025-05-22T00:49:13.296806" elapsed="0.022117"/>
</kw>
<kw name="Click Element" owner="SeleniumLibrary">
<msg time="2025-05-22T00:49:13.319589" level="INFO">Clicking element 'xpath=//*[@id="header_container"]/div[2]/div/span/select/option[4]'.</msg>
<arg>xpath=//*[@id="header_container"]/div[2]/div/span/select/option[4]</arg>
<doc>Click the element identified by ``locator``.</doc>
<status status="PASS" start="2025-05-22T00:49:13.319282" elapsed="0.050448"/>
</kw>
<kw name="Sleep" owner="BuiltIn">
<msg time="2025-05-22T00:49:16.371647" level="INFO">Slept 3 seconds.</msg>
<arg>3</arg>
<doc>Pauses the test executed for the given time.</doc>
<status status="PASS" start="2025-05-22T00:49:13.370712" elapsed="3.001293"/>
</kw>
<kw name="Close Browser" owner="SeleniumLibrary">
<doc>Closes the current browser.</doc>
<status status="PASS" start="2025-05-22T00:49:16.373236" elapsed="2.246521"/>
</kw>
<status status="PASS" start="2025-05-22T00:49:10.624338" elapsed="7.996633"/>
</test>
<status status="PASS" start="2025-05-22T00:48:53.950676" elapsed="24.673432"/>
</suite>
<statistics>
<total>
<stat pass="3" fail="0" skip="0">All Tests</stat>
</total>
<tag>
</tag>
<suite>
<stat name="Test Sort" id="s1" pass="3" fail="0" skip="0">Test Sort</stat>
</suite>
</statistics>
<errors>
</errors>
</robot>
