<?xml version="1.0" encoding="UTF-8"?>
<robot generator="Robot 7.2.2 (Python 3.13.3 on win32)" generated="2025-05-21T00:59:32.597486" rpa="false" schemaversion="5">
<suite id="s1" name="Robot 1" source="D:\CV\robot_test\robot_1.robot">
<test id="s1-t1" name="Basic Auth (user and pass: admin)" line="27">
<kw name="Open Browser" owner="SeleniumLibrary">
<msg time="2025-05-21T00:59:32.923531" level="INFO">Opening browser 'chrome' to base url 'https://the-internet.herokuapp.com/'.</msg>
<arg>${URL}</arg>
<arg>browser=chrome</arg>
<doc>Opens a new browser instance to the optional ``url``.</doc>
<status status="PASS" start="2025-05-21T00:59:32.923265" elapsed="5.208762"/>
</kw>
<kw name="Click Link" owner="SeleniumLibrary">
<msg time="2025-05-21T00:59:38.133530" level="INFO">Clicking link '//*[@id="content"]/ul/li[3]/a'.</msg>
<arg>//*[@id="content"]/ul/li[3]/a</arg>
<doc>Clicks a link identified by ``locator``.</doc>
<status status="PASS" start="2025-05-21T00:59:38.132733" elapsed="0.441255"/>
</kw>
<kw name="Alert Should Be Present" owner="SeleniumLibrary">
<msg time="2025-05-21T00:59:38.574696" level="INFO">HANDLE::&lt;class 'NoneType'&gt;::None</msg>
<msg time="2025-05-21T00:59:43.768624" level="INFO" html="true">&lt;/td&gt;&lt;/tr&gt;&lt;tr&gt;&lt;td colspan="3"&gt;&lt;a href="selenium-screenshot-8.png"&gt;&lt;img src="selenium-screenshot-8.png" width="800px"&gt;&lt;/a&gt;</msg>
<msg time="2025-05-21T00:59:43.768827" level="FAIL">Alert not found in 5 seconds.</msg>
<arg>admin</arg>
<doc>Verifies that an alert is present and by default, accepts it.</doc>
<status status="FAIL" start="2025-05-21T00:59:38.574446" elapsed="5.196466">Alert not found in 5 seconds.</status>
</kw>
<kw name="Sleep" owner="BuiltIn">
<arg>5</arg>
<doc>Pauses the test executed for the given time.</doc>
<status status="NOT RUN" start="2025-05-21T00:59:43.771287" elapsed="0.000055"/>
</kw>
<kw name="Close Browser" owner="SeleniumLibrary">
<doc>Closes the current browser.</doc>
<status status="NOT RUN" start="2025-05-21T00:59:43.771602" elapsed="0.000031"/>
</kw>
<status status="FAIL" start="2025-05-21T00:59:32.922332" elapsed="10.849550">Alert not found in 5 seconds.</status>
</test>
<status status="FAIL" start="2025-05-21T00:59:32.599125" elapsed="11.173727"/>
</suite>
<statistics>
<total>
<stat pass="0" fail="1" skip="0">All Tests</stat>
</total>
<tag>
</tag>
<suite>
<stat name="Robot 1" id="s1" pass="0" fail="1" skip="0">Robot 1</stat>
</suite>
</statistics>
<errors>
</errors>
</robot>
